[debug] [2021-05-21T02:34:46.462Z] ----------------------------------------------------------------------
[debug] [2021-05-21T02:34:46.465Z] Command:       C:\Program Files\nodejs\node.exe C:\Users\azebi\AppData\Roaming\npm\node_modules\firebase-tools\lib\bin\firebase.js init
[debug] [2021-05-21T02:34:46.465Z] CLI Version:   9.11.0
[debug] [2021-05-21T02:34:46.465Z] Platform:      win32
[debug] [2021-05-21T02:34:46.465Z] Node Version:  v14.16.1
[debug] [2021-05-21T02:34:46.466Z] Time:          Thu May 20 2021 22:34:46 GMT-0400 (Eastern Daylight Time)
[debug] [2021-05-21T02:34:46.466Z] ----------------------------------------------------------------------
[debug] 
[debug] [2021-05-21T02:34:46.469Z] >>> [apiv2][query] GET https://firebase-public.firebaseio.com/cli.json [none]
[debug] [2021-05-21T02:34:46.494Z] > command requires scopes: ["email","openid","https://www.googleapis.com/auth/cloudplatformprojects.readonly","https://www.googleapis.com/auth/firebase","https://www.googleapis.com/auth/cloud-platform"]
[debug] [2021-05-21T02:34:46.495Z] > authorizing via signed-in user (azeb44@gmail.com)
[info] 
     ######## #### ########  ######## ########     ###     ######  ########
     ##        ##  ##     ## ##       ##     ##  ##   ##  ##       ##
     ######    ##  ########  ######   ########  #########  ######  ######
     ##        ##  ##    ##  ##       ##     ## ##     ##       ## ##
     ##       #### ##     ## ######## ########  ##     ##  ######  ########

You're about to initialize a Firebase project in this directory:

  C:\Users\azebi\Desktop\netFlix\netflix

Before we get started, keep in mind:

  * You are initializing in an existing Firebase project directory

[debug] [2021-05-21T02:34:46.724Z] <<< [apiv2][status] GET https://firebase-public.firebaseio.com/cli.json 200
[debug] [2021-05-21T02:34:46.724Z] <<< [apiv2][body] GET https://firebase-public.firebaseio.com/cli.json {"cloudBuildErrorAfter":1594252800000,"cloudBuildWarnAfter":1590019200000,"defaultNode10After":1594252800000,"minVersion":"3.0.5","node8DeploysDisabledAfter":1613390400000,"node8RuntimeDisabledAfter":1615809600000,"node8WarnAfter":1600128000000}
[info] 
=== Project Setup
[info] 
[info] First, let's associate this project directory with a Firebase project.
[info] You can create multiple project aliases by running firebase use --add, 
[info] but for now we'll just set up a default project.
[info] 
[info] i  .firebaserc already has a default project, using netflix-clone-75064. 
[debug] [2021-05-21T02:36:09.863Z] > refreshing access token with scopes: []
[debug] [2021-05-21T02:36:09.864Z] >>> HTTP REQUEST POST https://www.googleapis.com/oauth2/v3/token  
 <request body omitted>
[debug] [2021-05-21T02:36:10.023Z] <<< HTTP RESPONSE 200 {"pragma":"no-cache","cache-control":"no-cache, no-store, max-age=0, must-revalidate","expires":"Mon, 01 Jan 1990 00:00:00 GMT","date":"Fri, 21 May 2021 02:36:10 GMT","content-type":"application/json; charset=utf-8","vary":"X-Origin, Referer, Origin,Accept-Encoding","server":"scaffolding on HTTPServer2","x-xss-protection":"0","x-frame-options":"SAMEORIGIN","x-content-type-options":"nosniff","alt-svc":"h3-29=\":443\"; ma=2592000,h3-T051=\":443\"; ma=2592000,h3-Q050=\":443\"; ma=2592000,h3-Q046=\":443\"; ma=2592000,h3-Q043=\":443\"; ma=2592000,quic=\":443\"; ma=2592000; v=\"46,43\"","accept-ranges":"none","transfer-encoding":"chunked"}
[debug] [2021-05-21T02:36:10.045Z] >>> [apiv2][query] GET https://firebase.googleapis.com/v1beta1/projects/netflix-clone-75064 [none]
[debug] [2021-05-21T02:36:10.304Z] <<< [apiv2][status] GET https://firebase.googleapis.com/v1beta1/projects/netflix-clone-75064 200
[debug] [2021-05-21T02:36:10.305Z] <<< [apiv2][body] GET https://firebase.googleapis.com/v1beta1/projects/netflix-clone-75064 {"projectId":"netflix-clone-75064","projectNumber":"1034181822682","displayName":"Netflix-clone","name":"projects/netflix-clone-75064","resources":{"hostingSite":"netflix-clone-75064"},"state":"ACTIVE"}
[info] 
=== Hosting Setup
[info] 
[info] Your public directory is the folder (relative to your project directory) that
[info] will contain Hosting assets to be uploaded with firebase deploy. If you
[info] have a build process for your assets, use your build's output directory.
[info] 
